<?xml version="1.0" encoding="UTF-8"?>
<testsuite xmlns:xsi="http://www.w3.org/2001/XMLSchema-instance" xsi:noNamespaceSchemaLocation="https://maven.apache.org/surefire/maven-surefire-plugin/xsd/surefire-test-report.xsd" name="TestSuite" time="4.667" tests="2" errors="0" skipped="0" failures="2">
  <properties>
[...]
</properties>
  <testcase name="ActivaeEbill" classname="crm.telbiz.api.calls.TestApp" time="0.728">
    <failure message="Failed to parse the JSON document" type="io.restassured.path.json.exception.JsonPathException"><![CDATA[io.restassured.path.json.exception.JsonPathException: Failed to parse the JSON document
	at crm.telbiz.api.calls.TestApp.ActivaeEbill(TestApp.java:158)
Caused by: groovy.json.JsonException: Lexing failed on line: 1, column: 1, while reading '<', no possible valid JSON value or punctuation could be recognized.
	at crm.telbiz.api.calls.TestApp.ActivaeEbill(TestApp.java:158)
]]></failure>
    <system-out><![CDATA[io.restassured.internal.RestAssuredResponseImpl@e07b4db
HTTP/1.1 200 OK
X-Frame-Options: DENY
Cache-Control: no-store
X-Content-Type-Options: nosniff
Pragma: no-cache
X-XSS-Protection: 1; mode=block
Content-Type: application/json; charset=UTF-8
Date: Mon, 24 Dec 2018 11:59:05 GMT
Transfer-Encoding: chunked
Connection: Keep-Alive

{
    "access_token": "ec4a9e58-b779-3f78-be69-21b28b6d4fde",
    "refresh_token": "2a4973fd-291f-39e3-8604-68aa02e9d0f0",
    "scope": "default",
    "token_type": "Bearer",
    "expires_in": 5757
}
accessToken isec4a9e58-b779-3f78-be69-21b28b6d4fde
]]></system-out>
  </testcase>
  <testcase name="eEbillRegStatusAPI" classname="crm.telbiz.api.calls.TestApp" time="0.292">
    <failure message="expected [200] but found [401]" type="java.lang.AssertionError">java.lang.AssertionError: expected [200] but found [401]
	at crm.telbiz.api.calls.TestApp.eEbillRegStatusAPI(TestApp.java:49)
</failure>
    <system-out><![CDATA[0114710863
<ams:fault xmlns:ams="http://wso2.org/apimanager/security"><ams:code>900904</ams:code><ams:message>Access Token Inactive</ams:message><ams:description>Access failure for API: /crm/regStatusService, version: v1.0.0 with key: afcdc6da2de13d1fa31b8169ec3c6c4</ams:description></ams:fault>
]]></system-out>
  </testcase>
</testsuite>